<?xml version="1.0" encoding="UTF-8"?>
<!-- Generated by org.testng.reporters.JUnitReportReporter -->
<testsuite hostname="LAPTOP-VD3S5LO8" failures="0" tests="1" name="dofy.DofyLoginIND" time="3.533" errors="0" timestamp="2023-06-24T22:28:35 IST" skipped="0">
  <testcase classname="dofy.DofyLoginIND" name="loginind" time="3.533"/>
</testsuite> <!-- dofy.DofyLoginIND -->
