<?xml version="1.0" encoding="UTF-8"?>
<!-- Generated by org.testng.reporters.JUnitReportReporter -->
<testsuite hostname="LAPTOP-VD3S5LO8" failures="0" tests="1" name="testCases.TC_001_LoginTest" time="0.474" errors="0" timestamp="2023-06-23T21:54:38 IST" skipped="0">
  <testcase classname="testCases.TC_001_LoginTest" name="test_login" time="0.474"/>
</testsuite> <!-- testCases.TC_001_LoginTest -->
