<?xml version="1.0" encoding="UTF-8"?>
<!-- Generated by org.testng.reporters.JUnitReportReporter -->
<testsuite hostname="LAPTOP-VD3S5LO8" failures="0" tests="1" name="exampleoftestng.exampleoffirsttestcase" time="0.753" errors="0" timestamp="2023-06-18T12:48:19 IST" skipped="0">
  <testcase classname="exampleoftestng.exampleoffirsttestcase" name="loginpage" time="0.753"/>
</testsuite> <!-- exampleoftestng.exampleoffirsttestcase -->
